<?xml version="1.0" encoding="UTF-8"?>
<testsuite xmlns:xsi="http://www.w3.org/2001/XMLSchema-instance" xsi:noNamespaceSchemaLocation="https://maven.apache.org/surefire/maven-surefire-plugin/xsd/surefire-test-report.xsd" version="3.0.2" name="com.example.kunturtatto.KunturtattoApplicationTests" time="12.752" tests="1" errors="0" skipped="0" failures="0">
  <properties>
[...]
</properties>
  <testcase name="main" classname="com.example.kunturtatto.KunturtattoApplicationTests" time="2.192">
    <system-out><![CDATA[16:08:14.932 [main] INFO org.springframework.test.context.support.AnnotationConfigContextLoaderUtils -- Could not detect default configuration classes for test class [com.example.kunturtatto.KunturtattoApplicationTests]: KunturtattoApplicationTests does not declare any static, non-private, non-final, nested classes annotated with @Configuration.
16:08:15.147 [main] INFO org.springframework.boot.test.context.SpringBootTestContextBootstrapper -- Found @SpringBootConfiguration com.example.kunturtatto.KunturtattoApplication for test class com.example.kunturtatto.KunturtattoApplicationTests
16:08:15.471 [main] INFO org.springframework.boot.devtools.restart.RestartApplicationListener -- Restart disabled due to context in which it is running

  .   ____          _            __ _ _
 /\\ / ___'_ __ _ _(_)_ __  __ _ \ \ \ \
( ( )\___ | '_ | '_| | '_ \/ _` | \ \ \ \
 \\/  ___)| |_)| | | | | || (_| |  ) ) ) )
  '  |____| .__|_| |_|_| |_\__, | / / / /
 =========|_|==============|___/=/_/_/_/

 :: Spring Boot ::                (v3.4.2)

2025-05-15 16:08:16 [background-preinit] INFO  o.h.validator.internal.util.Version - HV000001: Hibernate Validator 8.0.1.Final
2025-05-15 16:08:16 [main] INFO  c.e.k.KunturtattoApplicationTests - Starting KunturtattoApplicationTests using Java 17.0.7 with PID 19956 (started by jordy in E:\programacion\proyectosSubidos\kunturtatto)
2025-05-15 16:08:16 [main] INFO  c.e.k.KunturtattoApplicationTests - No active profile set, falling back to 1 default profile: "default"
2025-05-15 16:08:18 [main] INFO  o.h.jpa.internal.util.LogHelper - HHH000204: Processing PersistenceUnitInfo [name: default]
2025-05-15 16:08:18 [main] INFO  org.hibernate.Version - HHH000412: Hibernate ORM core version 6.6.5.Final
2025-05-15 16:08:18 [main] INFO  o.h.c.i.RegionFactoryInitiator - HHH000026: Second-level cache disabled
2025-05-15 16:08:19 [main] INFO  com.zaxxer.hikari.HikariDataSource - HikariPool-1 - Starting...
2025-05-15 16:08:19 [main] INFO  com.zaxxer.hikari.pool.HikariPool - HikariPool-1 - Added connection com.mysql.cj.jdbc.ConnectionImpl@29a3de3a
2025-05-15 16:08:19 [main] INFO  com.zaxxer.hikari.HikariDataSource - HikariPool-1 - Start completed.
2025-05-15 16:08:19 [main] WARN  org.hibernate.orm.deprecation - HHH90000025: MySQLDialect does not need to be specified explicitly using 'hibernate.dialect' (remove the property setting and it will be selected by default)
2025-05-15 16:08:19 [main] INFO  o.hibernate.orm.connections.pooling - HHH10001005: Database info:
	Database JDBC URL [Connecting through datasource 'HikariDataSource (HikariPool-1)']
	Database driver: undefined/unknown
	Database version: 8.0.33
	Autocommit mode: undefined/unknown
	Isolation level: undefined/unknown
	Minimum pool size: undefined/unknown
	Maximum pool size: undefined/unknown
2025-05-15 16:08:21 [main] INFO  o.h.e.t.j.p.i.JtaPlatformInitiator - HHH000489: No JTA platform available (set 'hibernate.transaction.jta.platform' to enable JTA platform integration)
2025-05-15 16:08:23 [main] INFO  c.e.k.service.impl.ImageServiceImpl - Directorio de imÃ¡genes creado en: E:\programacion\proyectosSubidos\kunturtatto/images
2025-05-15 16:08:23 [main] WARN  o.s.b.a.o.j.JpaBaseConfiguration$JpaWebConfiguration - spring.jpa.open-in-view is enabled by default. Therefore, database queries may be performed during view rendering. Explicitly configure spring.jpa.open-in-view to disable this warning
2025-05-15 16:08:23 [main] WARN  o.s.s.c.a.a.c.InitializeUserDetailsBeanManagerConfigurer$InitializeUserDetailsManagerConfigurer - Global AuthenticationManager configured with an AuthenticationProvider bean. UserDetailsService beans will not be used by Spring Security for automatically configuring username/password login. Consider removing the AuthenticationProvider bean. Alternatively, consider using the UserDetailsService in a manually instantiated DaoAuthenticationProvider. If the current configuration is intentional, to turn off this warning, increase the logging level of 'org.springframework.security.config.annotation.authentication.configuration.InitializeUserDetailsBeanManagerConfigurer' to ERROR
2025-05-15 16:08:24 [main] INFO  c.e.k.KunturtattoApplicationTests - Started KunturtattoApplicationTests in 9.462 seconds (process running for 11.248)
2025-05-15 16:08:25 [main] DEBUG org.hibernate.SQL - select p1_0.id_permission,p1_0.description,p1_0.name from permissions p1_0 where p1_0.name=?
Hibernate: select p1_0.id_permission,p1_0.description,p1_0.name from permissions p1_0 where p1_0.name=?
2025-05-15 16:08:25 [main] DEBUG org.hibernate.SQL - select p1_0.id_permission,p1_0.description,p1_0.name from permissions p1_0 where p1_0.name=?
Hibernate: select p1_0.id_permission,p1_0.description,p1_0.name from permissions p1_0 where p1_0.name=?
2025-05-15 16:08:25 [main] DEBUG org.hibernate.SQL - select p1_0.id_permission,p1_0.description,p1_0.name from permissions p1_0 where p1_0.name=?
Hibernate: select p1_0.id_permission,p1_0.description,p1_0.name from permissions p1_0 where p1_0.name=?
2025-05-15 16:08:25 [main] DEBUG org.hibernate.SQL - select p1_0.id_permission,p1_0.description,p1_0.name from permissions p1_0 where p1_0.name=?
Hibernate: select p1_0.id_permission,p1_0.description,p1_0.name from permissions p1_0 where p1_0.name=?
2025-05-15 16:08:25 [main] DEBUG org.hibernate.SQL - select r1_0.id_rol,r1_0.role_name from roles r1_0 where r1_0.role_name=?
Hibernate: select r1_0.id_rol,r1_0.role_name from roles r1_0 where r1_0.role_name=?
2025-05-15 16:08:25 [main] DEBUG org.hibernate.SQL - select p1_0.role_id,p1_1.id_permission,p1_1.description,p1_1.name from role_permissions p1_0 join permissions p1_1 on p1_1.id_permission=p1_0.permission_id where p1_0.role_id=?
Hibernate: select p1_0.role_id,p1_1.id_permission,p1_1.description,p1_1.name from role_permissions p1_0 join permissions p1_1 on p1_1.id_permission=p1_0.permission_id where p1_0.role_id=?
2025-05-15 16:08:25 [main] DEBUG org.hibernate.SQL - select r1_0.id_rol,r1_0.role_name from roles r1_0 where r1_0.role_name=?
Hibernate: select r1_0.id_rol,r1_0.role_name from roles r1_0 where r1_0.role_name=?
2025-05-15 16:08:25 [main] DEBUG org.hibernate.SQL - select p1_0.role_id,p1_1.id_permission,p1_1.description,p1_1.name from role_permissions p1_0 join permissions p1_1 on p1_1.id_permission=p1_0.permission_id where p1_0.role_id=?
Hibernate: select p1_0.role_id,p1_1.id_permission,p1_1.description,p1_1.name from role_permissions p1_0 join permissions p1_1 on p1_1.id_permission=p1_0.permission_id where p1_0.role_id=?
2025-05-15 16:08:25 [main] DEBUG org.hibernate.SQL - select u1_0.id_user,u1_0.account_no_expired,u1_0.account_no_locked,u1_0.credential_no_expired,u1_0.email,u1_0.is_enabled,u1_0.password,u1_0.registration_date from user u1_0 where u1_0.email=?
Hibernate: select u1_0.id_user,u1_0.account_no_expired,u1_0.account_no_locked,u1_0.credential_no_expired,u1_0.email,u1_0.is_enabled,u1_0.password,u1_0.registration_date from user u1_0 where u1_0.email=?
2025-05-15 16:08:25 [main] DEBUG org.hibernate.SQL - select r1_0.user_id,r1_1.id_rol,p1_0.role_id,p1_1.id_permission,p1_1.description,p1_1.name,r1_1.role_name from user_roles r1_0 join roles r1_1 on r1_1.id_rol=r1_0.role_id left join role_permissions p1_0 on r1_1.id_rol=p1_0.role_id left join permissions p1_1 on p1_1.id_permission=p1_0.permission_id where r1_0.user_id=?
Hibernate: select r1_0.user_id,r1_1.id_rol,p1_0.role_id,p1_1.id_permission,p1_1.description,p1_1.name,r1_1.role_name from user_roles r1_0 join roles r1_1 on r1_1.id_rol=r1_0.role_id left join role_permissions p1_0 on r1_1.id_rol=p1_0.role_id left join permissions p1_1 on p1_1.id_permission=p1_0.permission_id where r1_0.user_id=?
2025-05-15 16:08:25 [main] DEBUG org.hibernate.SQL - select u1_0.id_user,u1_0.account_no_expired,u1_0.account_no_locked,u1_0.credential_no_expired,u1_0.email,u1_0.is_enabled,u1_0.password,u1_0.registration_date from user u1_0 where u1_0.email=?
Hibernate: select u1_0.id_user,u1_0.account_no_expired,u1_0.account_no_locked,u1_0.credential_no_expired,u1_0.email,u1_0.is_enabled,u1_0.password,u1_0.registration_date from user u1_0 where u1_0.email=?
2025-05-15 16:08:25 [main] DEBUG org.hibernate.SQL - select r1_0.user_id,r1_1.id_rol,p1_0.role_id,p1_1.id_permission,p1_1.description,p1_1.name,r1_1.role_name from user_roles r1_0 join roles r1_1 on r1_1.id_rol=r1_0.role_id left join role_permissions p1_0 on r1_1.id_rol=p1_0.role_id left join permissions p1_1 on p1_1.id_permission=p1_0.permission_id where r1_0.user_id=?
Hibernate: select r1_0.user_id,r1_1.id_rol,p1_0.role_id,p1_1.id_permission,p1_1.description,p1_1.name,r1_1.role_name from user_roles r1_0 join roles r1_1 on r1_1.id_rol=r1_0.role_id left join role_permissions p1_0 on r1_1.id_rol=p1_0.role_id left join permissions p1_1 on p1_1.id_permission=p1_0.permission_id where r1_0.user_id=?

  .   ____          _            __ _ _
 /\\ / ___'_ __ _ _(_)_ __  __ _ \ \ \ \
( ( )\___ | '_ | '_| | '_ \/ _` | \ \ \ \
 \\/  ___)| |_)| | | | | || (_| |  ) ) ) )
  '  |____| .__|_| |_|_| |_\__, | / / / /
 =========|_|==============|___/=/_/_/_/

 :: Spring Boot ::                (v3.4.2)

2025-05-15 16:08:25 [main] INFO  c.e.k.KunturtattoApplication - Starting KunturtattoApplication using Java 17.0.7 with PID 19956 (started by jordy in E:\programacion\proyectosSubidos\kunturtatto)
2025-05-15 16:08:25 [main] INFO  c.e.k.KunturtattoApplication - No active profile set, falling back to 1 default profile: "default"
2025-05-15 16:08:26 [main] INFO  o.a.coyote.http11.Http11NioProtocol - Initializing ProtocolHandler ["http-nio-8080"]
2025-05-15 16:08:26 [main] INFO  o.a.catalina.core.StandardService - Starting service [Tomcat]
2025-05-15 16:08:26 [main] INFO  o.a.catalina.core.StandardEngine - Starting Servlet engine: [Apache Tomcat/10.1.34]
2025-05-15 16:08:26 [main] INFO  o.a.c.c.C.[Tomcat].[localhost].[/] - Initializing Spring embedded WebApplicationContext
2025-05-15 16:08:26 [main] INFO  o.h.jpa.internal.util.LogHelper - HHH000204: Processing PersistenceUnitInfo [name: default]
2025-05-15 16:08:26 [main] INFO  o.h.c.i.RegionFactoryInitiator - HHH000026: Second-level cache disabled
2025-05-15 16:08:26 [main] INFO  com.zaxxer.hikari.HikariDataSource - HikariPool-2 - Starting...
2025-05-15 16:08:26 [main] INFO  com.zaxxer.hikari.pool.HikariPool - HikariPool-2 - Added connection com.mysql.cj.jdbc.ConnectionImpl@cf57116
2025-05-15 16:08:26 [main] INFO  com.zaxxer.hikari.HikariDataSource - HikariPool-2 - Start completed.
2025-05-15 16:08:26 [main] WARN  org.hibernate.orm.deprecation - HHH90000025: MySQLDialect does not need to be specified explicitly using 'hibernate.dialect' (remove the property setting and it will be selected by default)
2025-05-15 16:08:26 [main] INFO  o.hibernate.orm.connections.pooling - HHH10001005: Database info:
	Database JDBC URL [Connecting through datasource 'HikariDataSource (HikariPool-2)']
	Database driver: undefined/unknown
	Database version: 8.0.33
	Autocommit mode: undefined/unknown
	Isolation level: undefined/unknown
	Minimum pool size: undefined/unknown
	Maximum pool size: undefined/unknown
2025-05-15 16:08:26 [main] INFO  o.h.e.t.j.p.i.JtaPlatformInitiator - HHH000489: No JTA platform available (set 'hibernate.transaction.jta.platform' to enable JTA platform integration)
2025-05-15 16:08:27 [main] INFO  c.e.k.service.impl.ImageServiceImpl - Directorio de imÃ¡genes creado en: E:\programacion\proyectosSubidos\kunturtatto/images
2025-05-15 16:08:27 [main] WARN  o.s.b.a.o.j.JpaBaseConfiguration$JpaWebConfiguration - spring.jpa.open-in-view is enabled by default. Therefore, database queries may be performed during view rendering. Explicitly configure spring.jpa.open-in-view to disable this warning
2025-05-15 16:08:27 [main] WARN  o.s.s.c.a.a.c.InitializeUserDetailsBeanManagerConfigurer$InitializeUserDetailsManagerConfigurer - Global AuthenticationManager configured with an AuthenticationProvider bean. UserDetailsService beans will not be used by Spring Security for automatically configuring username/password login. Consider removing the AuthenticationProvider bean. Alternatively, consider using the UserDetailsService in a manually instantiated DaoAuthenticationProvider. If the current configuration is intentional, to turn off this warning, increase the logging level of 'org.springframework.security.config.annotation.authentication.configuration.InitializeUserDetailsBeanManagerConfigurer' to ERROR
2025-05-15 16:08:27 [main] INFO  o.a.coyote.http11.Http11NioProtocol - Starting ProtocolHandler ["http-nio-8080"]
2025-05-15 16:08:27 [main] INFO  c.e.k.KunturtattoApplication - Started KunturtattoApplication in 1.549 seconds (process running for 13.697)
2025-05-15 16:08:27 [main] DEBUG org.hibernate.SQL - select p1_0.id_permission,p1_0.description,p1_0.name from permissions p1_0 where p1_0.name=?
Hibernate: select p1_0.id_permission,p1_0.description,p1_0.name from permissions p1_0 where p1_0.name=?
2025-05-15 16:08:27 [main] DEBUG org.hibernate.SQL - select p1_0.id_permission,p1_0.description,p1_0.name from permissions p1_0 where p1_0.name=?
Hibernate: select p1_0.id_permission,p1_0.description,p1_0.name from permissions p1_0 where p1_0.name=?
2025-05-15 16:08:27 [main] DEBUG org.hibernate.SQL - select p1_0.id_permission,p1_0.description,p1_0.name from permissions p1_0 where p1_0.name=?
Hibernate: select p1_0.id_permission,p1_0.description,p1_0.name from permissions p1_0 where p1_0.name=?
2025-05-15 16:08:27 [main] DEBUG org.hibernate.SQL - select p1_0.id_permission,p1_0.description,p1_0.name from permissions p1_0 where p1_0.name=?
Hibernate: select p1_0.id_permission,p1_0.description,p1_0.name from permissions p1_0 where p1_0.name=?
2025-05-15 16:08:27 [main] DEBUG org.hibernate.SQL - select r1_0.id_rol,r1_0.role_name from roles r1_0 where r1_0.role_name=?
Hibernate: select r1_0.id_rol,r1_0.role_name from roles r1_0 where r1_0.role_name=?
2025-05-15 16:08:27 [main] DEBUG org.hibernate.SQL - select p1_0.role_id,p1_1.id_permission,p1_1.description,p1_1.name from role_permissions p1_0 join permissions p1_1 on p1_1.id_permission=p1_0.permission_id where p1_0.role_id=?
Hibernate: select p1_0.role_id,p1_1.id_permission,p1_1.description,p1_1.name from role_permissions p1_0 join permissions p1_1 on p1_1.id_permission=p1_0.permission_id where p1_0.role_id=?
2025-05-15 16:08:27 [main] DEBUG org.hibernate.SQL - select r1_0.id_rol,r1_0.role_name from roles r1_0 where r1_0.role_name=?
Hibernate: select r1_0.id_rol,r1_0.role_name from roles r1_0 where r1_0.role_name=?
2025-05-15 16:08:27 [main] DEBUG org.hibernate.SQL - select p1_0.role_id,p1_1.id_permission,p1_1.description,p1_1.name from role_permissions p1_0 join permissions p1_1 on p1_1.id_permission=p1_0.permission_id where p1_0.role_id=?
Hibernate: select p1_0.role_id,p1_1.id_permission,p1_1.description,p1_1.name from role_permissions p1_0 join permissions p1_1 on p1_1.id_permission=p1_0.permission_id where p1_0.role_id=?
2025-05-15 16:08:27 [main] DEBUG org.hibernate.SQL - select u1_0.id_user,u1_0.account_no_expired,u1_0.account_no_locked,u1_0.credential_no_expired,u1_0.email,u1_0.is_enabled,u1_0.password,u1_0.registration_date from user u1_0 where u1_0.email=?
Hibernate: select u1_0.id_user,u1_0.account_no_expired,u1_0.account_no_locked,u1_0.credential_no_expired,u1_0.email,u1_0.is_enabled,u1_0.password,u1_0.registration_date from user u1_0 where u1_0.email=?
2025-05-15 16:08:27 [main] DEBUG org.hibernate.SQL - select r1_0.user_id,r1_1.id_rol,p1_0.role_id,p1_1.id_permission,p1_1.description,p1_1.name,r1_1.role_name from user_roles r1_0 join roles r1_1 on r1_1.id_rol=r1_0.role_id left join role_permissions p1_0 on r1_1.id_rol=p1_0.role_id left join permissions p1_1 on p1_1.id_permission=p1_0.permission_id where r1_0.user_id=?
Hibernate: select r1_0.user_id,r1_1.id_rol,p1_0.role_id,p1_1.id_permission,p1_1.description,p1_1.name,r1_1.role_name from user_roles r1_0 join roles r1_1 on r1_1.id_rol=r1_0.role_id left join role_permissions p1_0 on r1_1.id_rol=p1_0.role_id left join permissions p1_1 on p1_1.id_permission=p1_0.permission_id where r1_0.user_id=?
2025-05-15 16:08:27 [main] DEBUG org.hibernate.SQL - select u1_0.id_user,u1_0.account_no_expired,u1_0.account_no_locked,u1_0.credential_no_expired,u1_0.email,u1_0.is_enabled,u1_0.password,u1_0.registration_date from user u1_0 where u1_0.email=?
Hibernate: select u1_0.id_user,u1_0.account_no_expired,u1_0.account_no_locked,u1_0.credential_no_expired,u1_0.email,u1_0.is_enabled,u1_0.password,u1_0.registration_date from user u1_0 where u1_0.email=?
2025-05-15 16:08:27 [main] DEBUG org.hibernate.SQL - select r1_0.user_id,r1_1.id_rol,p1_0.role_id,p1_1.id_permission,p1_1.description,p1_1.name,r1_1.role_name from user_roles r1_0 join roles r1_1 on r1_1.id_rol=r1_0.role_id left join role_permissions p1_0 on r1_1.id_rol=p1_0.role_id left join permissions p1_1 on p1_1.id_permission=p1_0.permission_id where r1_0.user_id=?
Hibernate: select r1_0.user_id,r1_1.id_rol,p1_0.role_id,p1_1.id_permission,p1_1.description,p1_1.name,r1_1.role_name from user_roles r1_0 join roles r1_1 on r1_1.id_rol=r1_0.role_id left join role_permissions p1_0 on r1_1.id_rol=p1_0.role_id left join permissions p1_1 on p1_1.id_permission=p1_0.permission_id where r1_0.user_id=?
]]></system-out>
  </testcase>
</testsuite>